<?xml version="1.0" encoding="UTF-8"?>
<testsuite xmlns:xsi="http://www.w3.org/2001/XMLSchema-instance" xsi:noNamespaceSchemaLocation="https://maven.apache.org/surefire/maven-surefire-plugin/xsd/surefire-test-report-3.0.xsd" version="3.0" name="com.project.creditsimulator.service.CreditServiceTest" time="1.57" tests="15" errors="0" skipped="0" failures="0">
  <properties>
    <property name="java.specification.version" value="17"/>
    <property name="sun.cpu.isalist" value="amd64"/>
    <property name="sun.jnu.encoding" value="Cp1252"/>
    <property name="java.class.path" value="C:\Users\Admin\Documents\Dhimas\workspace\Dhimas\credit-simulator\target\test-classes;C:\Users\Admin\Documents\Dhimas\workspace\Dhimas\credit-simulator\target\classes;C:\Users\Admin\.m2\repository\com\google\code\gson\gson\2.12.1\gson-2.12.1.jar;C:\Users\Admin\.m2\repository\com\google\errorprone\error_prone_annotations\2.36.0\error_prone_annotations-2.36.0.jar;C:\Users\Admin\.m2\repository\org\slf4j\slf4j-api\2.0.9\slf4j-api-2.0.9.jar;C:\Users\Admin\.m2\repository\ch\qos\logback\logback-classic\1.4.12\logback-classic-1.4.12.jar;C:\Users\Admin\.m2\repository\ch\qos\logback\logback-core\1.4.12\logback-core-1.4.12.jar;C:\Users\Admin\.m2\repository\org\junit\jupiter\junit-jupiter\5.12.0\junit-jupiter-5.12.0.jar;C:\Users\Admin\.m2\repository\org\junit\jupiter\junit-jupiter-api\5.12.0\junit-jupiter-api-5.12.0.jar;C:\Users\Admin\.m2\repository\org\opentest4j\opentest4j\1.3.0\opentest4j-1.3.0.jar;C:\Users\Admin\.m2\repository\org\junit\platform\junit-platform-commons\1.12.0\junit-platform-commons-1.12.0.jar;C:\Users\Admin\.m2\repository\org\apiguardian\apiguardian-api\1.1.2\apiguardian-api-1.1.2.jar;C:\Users\Admin\.m2\repository\org\junit\jupiter\junit-jupiter-params\5.12.0\junit-jupiter-params-5.12.0.jar;C:\Users\Admin\.m2\repository\org\junit\jupiter\junit-jupiter-engine\5.12.0\junit-jupiter-engine-5.12.0.jar;C:\Users\Admin\.m2\repository\org\junit\platform\junit-platform-engine\1.12.0\junit-platform-engine-1.12.0.jar;C:\Users\Admin\.m2\repository\org\mockito\mockito-core\5.5.0\mockito-core-5.5.0.jar;C:\Users\Admin\.m2\repository\net\bytebuddy\byte-buddy\1.14.6\byte-buddy-1.14.6.jar;C:\Users\Admin\.m2\repository\net\bytebuddy\byte-buddy-agent\1.14.6\byte-buddy-agent-1.14.6.jar;C:\Users\Admin\.m2\repository\org\objenesis\objenesis\3.3\objenesis-3.3.jar;C:\Users\Admin\.m2\repository\org\mockito\mockito-inline\5.2.0\mockito-inline-5.2.0.jar;"/>
    <property name="java.vm.vendor" value="Eclipse Adoptium"/>
    <property name="sun.arch.data.model" value="64"/>
    <property name="user.variant" value=""/>
    <property name="java.vendor.url" value="https://adoptium.net/"/>
    <property name="user.timezone" value="Asia/Jakarta"/>
    <property name="os.name" value="Windows 11"/>
    <property name="java.vm.specification.version" value="17"/>
    <property name="sun.java.launcher" value="SUN_STANDARD"/>
    <property name="user.country" value="ID"/>
    <property name="sun.boot.library.path" value="C:\Program Files\Eclipse Adoptium\jdk-17.0.10.7-hotspot\bin"/>
    <property name="sun.java.command" value="C:\Users\Admin\AppData\Local\Temp\surefire4739926411965236181\surefirebooter-20250227140326399_3.jar C:\Users\Admin\AppData\Local\Temp\surefire4739926411965236181 2025-02-27T14-03-26_101-jvmRun1 surefire-20250227140326399_1tmp surefire_0-20250227140326399_2tmp"/>
    <property name="jdk.debug" value="release"/>
    <property name="surefire.test.class.path" value="C:\Users\Admin\Documents\Dhimas\workspace\Dhimas\credit-simulator\target\test-classes;C:\Users\Admin\Documents\Dhimas\workspace\Dhimas\credit-simulator\target\classes;C:\Users\Admin\.m2\repository\com\google\code\gson\gson\2.12.1\gson-2.12.1.jar;C:\Users\Admin\.m2\repository\com\google\errorprone\error_prone_annotations\2.36.0\error_prone_annotations-2.36.0.jar;C:\Users\Admin\.m2\repository\org\slf4j\slf4j-api\2.0.9\slf4j-api-2.0.9.jar;C:\Users\Admin\.m2\repository\ch\qos\logback\logback-classic\1.4.12\logback-classic-1.4.12.jar;C:\Users\Admin\.m2\repository\ch\qos\logback\logback-core\1.4.12\logback-core-1.4.12.jar;C:\Users\Admin\.m2\repository\org\junit\jupiter\junit-jupiter\5.12.0\junit-jupiter-5.12.0.jar;C:\Users\Admin\.m2\repository\org\junit\jupiter\junit-jupiter-api\5.12.0\junit-jupiter-api-5.12.0.jar;C:\Users\Admin\.m2\repository\org\opentest4j\opentest4j\1.3.0\opentest4j-1.3.0.jar;C:\Users\Admin\.m2\repository\org\junit\platform\junit-platform-commons\1.12.0\junit-platform-commons-1.12.0.jar;C:\Users\Admin\.m2\repository\org\apiguardian\apiguardian-api\1.1.2\apiguardian-api-1.1.2.jar;C:\Users\Admin\.m2\repository\org\junit\jupiter\junit-jupiter-params\5.12.0\junit-jupiter-params-5.12.0.jar;C:\Users\Admin\.m2\repository\org\junit\jupiter\junit-jupiter-engine\5.12.0\junit-jupiter-engine-5.12.0.jar;C:\Users\Admin\.m2\repository\org\junit\platform\junit-platform-engine\1.12.0\junit-platform-engine-1.12.0.jar;C:\Users\Admin\.m2\repository\org\mockito\mockito-core\5.5.0\mockito-core-5.5.0.jar;C:\Users\Admin\.m2\repository\net\bytebuddy\byte-buddy\1.14.6\byte-buddy-1.14.6.jar;C:\Users\Admin\.m2\repository\net\bytebuddy\byte-buddy-agent\1.14.6\byte-buddy-agent-1.14.6.jar;C:\Users\Admin\.m2\repository\org\objenesis\objenesis\3.3\objenesis-3.3.jar;C:\Users\Admin\.m2\repository\org\mockito\mockito-inline\5.2.0\mockito-inline-5.2.0.jar;"/>
    <property name="sun.cpu.endian" value="little"/>
    <property name="user.home" value="C:\Users\Admin"/>
    <property name="user.language" value="en"/>
    <property name="java.specification.vendor" value="Oracle Corporation"/>
    <property name="java.version.date" value="2024-01-16"/>
    <property name="java.home" value="C:\Program Files\Eclipse Adoptium\jdk-17.0.10.7-hotspot"/>
    <property name="file.separator" value="\"/>
    <property name="basedir" value="C:\Users\Admin\Documents\Dhimas\workspace\Dhimas\credit-simulator"/>
    <property name="java.vm.compressedOopsMode" value="Zero based"/>
    <property name="line.separator" value="&#10;"/>
    <property name="java.vm.specification.vendor" value="Oracle Corporation"/>
    <property name="java.specification.name" value="Java Platform API Specification"/>
    <property name="surefire.real.class.path" value="C:\Users\Admin\AppData\Local\Temp\surefire4739926411965236181\surefirebooter-20250227140326399_3.jar"/>
    <property name="user.script" value=""/>
    <property name="sun.management.compiler" value="HotSpot 64-Bit Tiered Compilers"/>
    <property name="java.runtime.version" value="17.0.10+7"/>
    <property name="user.name" value="Admin"/>
    <property name="path.separator" value=";"/>
    <property name="os.version" value="10.0"/>
    <property name="java.runtime.name" value="OpenJDK Runtime Environment"/>
    <property name="file.encoding" value="Cp1252"/>
    <property name="java.vm.name" value="OpenJDK 64-Bit Server VM"/>
    <property name="java.vendor.version" value="Temurin-17.0.10+7"/>
    <property name="localRepository" value="C:\Users\Admin\.m2\repository"/>
    <property name="java.vendor.url.bug" value="https://github.com/adoptium/adoptium-support/issues"/>
    <property name="java.io.tmpdir" value="C:\Users\Admin\AppData\Local\Temp\"/>
    <property name="idea.version" value="2024.3.3"/>
    <property name="java.version" value="17.0.10"/>
    <property name="user.dir" value="C:\Users\Admin\Documents\Dhimas\workspace\Dhimas\credit-simulator"/>
    <property name="os.arch" value="amd64"/>
    <property name="java.vm.specification.name" value="Java Virtual Machine Specification"/>
    <property name="sun.os.patch.level" value=""/>
    <property name="native.encoding" value="Cp1252"/>
    <property name="java.library.path" value="C:\Program Files\Eclipse Adoptium\jdk-17.0.10.7-hotspot\bin;C:\WINDOWS\Sun\Java\bin;C:\WINDOWS\system32;C:\WINDOWS;C:\Program Files\Eclipse Adoptium\jdk-17.0.10.7-hotspot\bin;C:\Program Files\Common Files\Oracle\Java\javapath;C:\WINDOWS\system32;C:\WINDOWS;C:\WINDOWS\System32\Wbem;C:\WINDOWS\System32\WindowsPowerShell\v1.0\;C:\WINDOWS\System32\OpenSSH\;C:\Program Files\TortoiseGit\bin;C:\Program Files\RedHat\Podman\;C:\Program Files\Java\jdk-17\bin;C:\Gradle\gradle-8.7\bin;C:\Program Files\Docker\Docker\resources\bin;C:\Program Files (x86)\Windows Kits\10\Windows Performance Toolkit\;C:\Program Files\Git\cmd;C:\Users\Admin\AppData\Local\Programs\Python\Python312\Scripts\;C:\Users\Admin\AppData\Local\Programs\Python\Python312\;C:\Users\Admin\AppData\Local\Programs\Python\Launcher\;C:\Users\Admin\AppData\Local\Microsoft\WindowsApps;C:\Users\Admin\AppData\Local\Programs\Microsoft VS Code\bin;C:\Program Files (x86)\GnuWin32\bin;C:\Users\Admin\AppData\Local\Programs\Python\Python312\Scripts;C:\Program Files\Java\graalvm-jdk-17.0.11+7.1\bin;;."/>
    <property name="java.vm.info" value="mixed mode, sharing"/>
    <property name="java.vendor" value="Eclipse Adoptium"/>
    <property name="java.vm.version" value="17.0.10+7"/>
    <property name="sun.io.unicode.encoding" value="UnicodeLittle"/>
    <property name="java.class.version" value="61.0"/>
  </properties>
  <testcase name="testGetInterestRate" classname="com.project.creditsimulator.service.CreditServiceTest" time="0.227"/>
  <testcase name="testLoadFromWebService_InvalidResponse" classname="com.project.creditsimulator.service.CreditServiceTest" time="1.18">
    <system-out><![CDATA[2025-02-27 14:03:28 [main] ERROR c.p.c.service.CreditService - Error fetching data from web service: com.google.gson.stream.MalformedJsonException: Use JsonReader.setStrictness(Strictness.LENIENT) to accept malformed JSON at line 1 column 10 path $
See https://github.com/google/gson/blob/main/Troubleshooting.md#malformed-json
]]></system-out>
  </testcase>
  <testcase name="testProcessFile_FileNotFound" classname="com.project.creditsimulator.service.CreditServiceTest" time="0.004">
    <system-out><![CDATA[2025-02-27 14:03:28 [main] ERROR c.p.c.service.CreditService - File not found: non_existent_file.txt
]]></system-out>
  </testcase>
  <testcase name="testInvalidLoanAmount" classname="com.project.creditsimulator.service.CreditServiceTest" time="0.007"/>
  <testcase name="testProcessFile" classname="com.project.creditsimulator.service.CreditServiceTest" time="0.053">
    <system-out><![CDATA[2025-02-27 14:03:28 [main] INFO  c.p.c.service.CreditService - Line string : Mobil|BARU|2024|100000000|5|35
2025-02-27 14:03:28 [main] INFO  c.p.c.service.CreditService - Processing Credit Data (Line 1): Credit[vehicleType=Mobil, vehicleCondition=BARU, vehicleYear=2024, loanAmount=100000000, tenure=5, downPaymentPercent=35]
2025-02-27 14:03:28 [main] INFO  c.p.c.service.CreditService - Year 1: Rp. 1,170,000.00/month, Interest Rate: 8%
2025-02-27 14:03:28 [main] INFO  c.p.c.service.CreditService - Year 2: Rp. 1,264,770.00/month, Interest Rate: 8.1%
2025-02-27 14:03:28 [main] INFO  c.p.c.service.CreditService - Year 3: Rp. 1,373,540.22/month, Interest Rate: 8.6%
2025-02-27 14:03:28 [main] INFO  c.p.c.service.CreditService - Year 4: Rp. 1,498,532.38/month, Interest Rate: 9.1%
2025-02-27 14:03:28 [main] INFO  c.p.c.service.CreditService - Year 5: Rp. 1,642,391.49/month, Interest Rate: 9.6%
]]></system-out>
  </testcase>
  <testcase name="testLoadFromWebService" classname="com.project.creditsimulator.service.CreditServiceTest" time="0.035">
    <system-out><![CDATA[2025-02-27 14:03:28 [main] INFO  c.p.c.service.CreditService - Received 1 credit records from web service
2025-02-27 14:03:28 [main] INFO  c.p.c.service.CreditService - Year 1: Rp. 585,000.00/month, Interest Rate: 8%
2025-02-27 14:03:28 [main] INFO  c.p.c.service.CreditService - Year 2: Rp. 632,385.00/month, Interest Rate: 8.1%
2025-02-27 14:03:28 [main] INFO  c.p.c.service.CreditService - Year 3: Rp. 686,770.11/month, Interest Rate: 8.6%
2025-02-27 14:03:28 [main] INFO  c.p.c.service.CreditService - Year 4: Rp. 749,266.19/month, Interest Rate: 9.1%
2025-02-27 14:03:28 [main] INFO  c.p.c.service.CreditService - Year 5: Rp. 821,195.74/month, Interest Rate: 9.6%
]]></system-out>
  </testcase>
  <testcase name="testNullDownPaymentPercent" classname="com.project.creditsimulator.service.CreditServiceTest" time="0.002"/>
  <testcase name="testDownPaymentValidation" classname="com.project.creditsimulator.service.CreditServiceTest" time="0.002"/>
  <testcase name="testInvalidVehicleYearForNew" classname="com.project.creditsimulator.service.CreditServiceTest" time="0.005"/>
  <testcase name="testInvalidVehicleYearFormat" classname="com.project.creditsimulator.service.CreditServiceTest" time="0.002"/>
  <testcase name="testInvalidTenure" classname="com.project.creditsimulator.service.CreditServiceTest" time="0.002"/>
  <testcase name="testDisplayInstallments" classname="com.project.creditsimulator.service.CreditServiceTest" time="0.006">
    <system-out><![CDATA[2025-02-27 14:03:28 [main] INFO  c.p.c.service.CreditService - Year 1: Rp. 1,170,000.00/month, Interest Rate: 8%
2025-02-27 14:03:28 [main] INFO  c.p.c.service.CreditService - Year 2: Rp. 1,264,770.00/month, Interest Rate: 8.1%
2025-02-27 14:03:28 [main] INFO  c.p.c.service.CreditService - Year 3: Rp. 1,373,540.22/month, Interest Rate: 8.6%
2025-02-27 14:03:28 [main] INFO  c.p.c.service.CreditService - Year 4: Rp. 1,498,532.38/month, Interest Rate: 9.1%
2025-02-27 14:03:28 [main] INFO  c.p.c.service.CreditService - Year 5: Rp. 1,642,391.49/month, Interest Rate: 9.6%
]]></system-out>
  </testcase>
  <testcase name="testGetMonthlyInstallment" classname="com.project.creditsimulator.service.CreditServiceTest" time="0.003"/>
  <testcase name="testValidCredit" classname="com.project.creditsimulator.service.CreditServiceTest" time="0.002"/>
  <testcase name="testCalculateInstallments" classname="com.project.creditsimulator.service.CreditServiceTest" time="0.001"/>
</testsuite>